2018-12-02 23:07:15.811730: I tensorflow/core/platform/cpu_feature_guard.cc:141] Your CPU supports instructions that this TensorFlow binary was not compiled to use: AVX2 AVX512F FMA
2018-12-02 23:07:16.297370: I tensorflow/core/common_runtime/gpu/gpu_device.cc:1405] Found device 0 with properties: 
name: Tesla V100-PCIE-16GB major: 7 minor: 0 memoryClockRate(GHz): 1.38
pciBusID: 0000:3b:00.0
totalMemory: 15.78GiB freeMemory: 15.34GiB
2018-12-02 23:07:16.722143: I tensorflow/core/common_runtime/gpu/gpu_device.cc:1405] Found device 1 with properties: 
name: Tesla V100-PCIE-16GB major: 7 minor: 0 memoryClockRate(GHz): 1.38
pciBusID: 0000:d8:00.0
totalMemory: 15.78GiB freeMemory: 15.34GiB
2018-12-02 23:07:16.723584: I tensorflow/core/common_runtime/gpu/gpu_device.cc:1484] Adding visible gpu devices: 0, 1
2018-12-02 23:07:20.867964: I tensorflow/core/common_runtime/gpu/gpu_device.cc:965] Device interconnect StreamExecutor with strength 1 edge matrix:
2018-12-02 23:07:20.868003: I tensorflow/core/common_runtime/gpu/gpu_device.cc:971]      0 1 
2018-12-02 23:07:20.868011: I tensorflow/core/common_runtime/gpu/gpu_device.cc:984] 0:   N Y 
2018-12-02 23:07:20.868015: I tensorflow/core/common_runtime/gpu/gpu_device.cc:984] 1:   Y N 
2018-12-02 23:07:20.868533: I tensorflow/core/common_runtime/gpu/gpu_device.cc:1097] Created TensorFlow device (/job:localhost/replica:0/task:0/device:GPU:0 with 14841 MB memory) -> physical GPU (device: 0, name: Tesla V100-PCIE-16GB, pci bus id: 0000:3b:00.0, compute capability: 7.0)
2018-12-02 23:07:20.869639: I tensorflow/core/common_runtime/gpu/gpu_device.cc:1097] Created TensorFlow device (/job:localhost/replica:0/task:0/device:GPU:1 with 14842 MB memory) -> physical GPU (device: 1, name: Tesla V100-PCIE-16GB, pci bus id: 0000:d8:00.0, compute capability: 7.0)
2018-12-02 23:07:21.574408: I tensorflow/core/common_runtime/gpu/gpu_device.cc:1484] Adding visible gpu devices: 0, 1
2018-12-02 23:07:21.574528: I tensorflow/core/common_runtime/gpu/gpu_device.cc:965] Device interconnect StreamExecutor with strength 1 edge matrix:
2018-12-02 23:07:21.574537: I tensorflow/core/common_runtime/gpu/gpu_device.cc:971]      0 1 
2018-12-02 23:07:21.574545: I tensorflow/core/common_runtime/gpu/gpu_device.cc:984] 0:   N Y 
2018-12-02 23:07:21.574550: I tensorflow/core/common_runtime/gpu/gpu_device.cc:984] 1:   Y N 
2018-12-02 23:07:21.575037: I tensorflow/core/common_runtime/gpu/gpu_device.cc:1097] Created TensorFlow device (/job:localhost/replica:0/task:0/device:GPU:0 with 14841 MB memory) -> physical GPU (device: 0, name: Tesla V100-PCIE-16GB, pci bus id: 0000:3b:00.0, compute capability: 7.0)
2018-12-02 23:07:21.575243: I tensorflow/core/common_runtime/gpu/gpu_device.cc:1097] Created TensorFlow device (/job:localhost/replica:0/task:0/device:GPU:1 with 14842 MB memory) -> physical GPU (device: 1, name: Tesla V100-PCIE-16GB, pci bus id: 0000:d8:00.0, compute capability: 7.0)
2018-12-02 23:07:26.457628: I tensorflow/core/common_runtime/gpu/gpu_device.cc:1484] Adding visible gpu devices: 0, 1
2018-12-02 23:07:26.457732: I tensorflow/core/common_runtime/gpu/gpu_device.cc:965] Device interconnect StreamExecutor with strength 1 edge matrix:
2018-12-02 23:07:26.457741: I tensorflow/core/common_runtime/gpu/gpu_device.cc:971]      0 1 
2018-12-02 23:07:26.457748: I tensorflow/core/common_runtime/gpu/gpu_device.cc:984] 0:   N Y 
2018-12-02 23:07:26.457753: I tensorflow/core/common_runtime/gpu/gpu_device.cc:984] 1:   Y N 
2018-12-02 23:07:26.458226: I tensorflow/core/common_runtime/gpu/gpu_device.cc:1097] Created TensorFlow device (/job:localhost/replica:0/task:0/device:GPU:0 with 14841 MB memory) -> physical GPU (device: 0, name: Tesla V100-PCIE-16GB, pci bus id: 0000:3b:00.0, compute capability: 7.0)
2018-12-02 23:07:26.458343: I tensorflow/core/common_runtime/gpu/gpu_device.cc:1097] Created TensorFlow device (/job:localhost/replica:0/task:0/device:GPU:1 with 14842 MB memory) -> physical GPU (device: 1, name: Tesla V100-PCIE-16GB, pci bus id: 0000:d8:00.0, compute capability: 7.0)
WARNING:tensorflow:From /home/lxiaol9/anaconda3/envs/dlubu36/lib/python3.6/site-packages/tensorflow/python/keras/initializers.py:104: calling VarianceScaling.__init__ (from tensorflow.python.ops.init_ops) with distribution=normal is deprecated and will be removed in a future version.
Instructions for updating:
`normal` is a deprecated alias for `truncated_normal`
INFO:tensorflow:Restoring parameters from /work/cascades/lxiaol9/ARC/PWC/checkpoints/pwcnet-sm-6-2-multisteps-chairsthingsmix/pwcnet.ckpt-592000
Now it knows it's in a remote cluster
Step 1: AGG model has been reconstructed
| ID | GPU | MEM |
------------------
|  0 |  0% |  3% |
|  1 |  0% |  3% |
resnet_v1_50/block1 (20, 64, 64, 256)
resnet_v1_50/block2 (20, 32, 32, 512)
resnet_v1_50/block3 (20, 16, 16, 1024)
resnet_v1_50/block4 (20, 16, 16, 2048)
Shape of f_0 (20, 16, 16, 2048)
Shape of f_1 (20, 32, 32, 512)
Shape of f_2 (20, 64, 64, 256)
Shape of f_3 (20, 128, 128, 64)
Shape of h_0 (20, 16, 16, 2048), g_0 (20, 32, 32, 2048)
Shape of h_1 (20, 32, 32, 128), g_1 (20, 64, 64, 128)
Shape of h_2 (20, 64, 64, 64), g_2 (20, 128, 128, 64)
Shape of h_3 (20, 128, 128, 32), g_3 (20, 128, 128, 32)
resnet_v1_50/block1 (20, 64, 64, 256)
resnet_v1_50/block2 (20, 32, 32, 512)
resnet_v1_50/block3 (20, 16, 16, 1024)
resnet_v1_50/block4 (20, 16, 16, 2048)
Shape of f_0 (20, 16, 16, 2048)
Shape of f_1 (20, 32, 32, 512)
Shape of f_2 (20, 64, 64, 256)
Shape of f_3 (20, 128, 128, 64)
Shape of h_0 (20, 16, 16, 2048), g_0 (20, 32, 32, 2048)
Shape of h_1 (20, 32, 32, 128), g_1 (20, 64, 64, 128)
Shape of h_2 (20, 64, 64, 64), g_2 (20, 128, 128, 64)
Shape of h_3 (20, 128, 128, 32), g_3 (20, 128, 128, 32)
Loading model checkpoint /work/cascades/lxiaol9/ARC/EAST/checkpoints/east/20180921-173054/model.ckpt-56092 for eval or testing...

... model loaded
Step 2: EAST model has been reconstructed
| ID | GPU | MEM |
------------------
|  0 |  5% |  5% |
|  1 |  0% |  3% |
Building model...
... model built.
Loading model checkpoint /work/cascades/lxiaol9/ARC/PWC/checkpoints/pwcnet-sm-6-2-multisteps-chairsthingsmix/pwcnet.ckpt-592000 for eval or testing...

... model loaded
Step 3: PWC model has been reconstructed
| ID | GPU | MEM |
------------------
|  0 |  0% |  5% |
|  1 |  0% |  3% |
Now we're starting training!!!
